<?xml version="1.0" encoding="UTF-8"?>
<!-- Generated by org.testng.reporters.JUnitReportReporter -->
<testsuite hostname="DESKTOP-MICJN7G" failures="0" tests="1" name="com.learnautomation.selenium.mavenDemo" time="16.588" errors="0" timestamp="2024-08-25T17:31:15 IST" skipped="0">
  <testcase classname="com.learnautomation.selenium.mavenDemo" name="testHello" time="16.588"/>
</testsuite> <!-- com.learnautomation.selenium.mavenDemo -->
