<?xml version="1.0" encoding="UTF-8"?>
<!-- Generated by org.testng.reporters.JUnitReportReporter -->
<testsuite hostname="DESKTOP-MICJN7G" failures="0" tests="1" name="com.learnautomation.selenium.mavenDemo" time="14.592" errors="0" timestamp="2024-08-24T20:13:27 IST" skipped="0">
  <testcase classname="com.learnautomation.selenium.mavenDemo" name="testHello" time="14.592"/>
</testsuite> <!-- com.learnautomation.selenium.mavenDemo -->
