<?xml version="1.0" encoding="UTF-8"?>
<!-- Generated by org.testng.reporters.JUnitReportReporter -->
<testsuite hostname="DESKTOP-MICJN7G" failures="0" tests="1" name="com.learnautomation.selenium.headlessBrowserTest" time="2.344" errors="0" timestamp="2024-08-19T13:45:38 IST" skipped="0">
  <testcase classname="com.learnautomation.selenium.headlessBrowserTest" name="verifyFacebookTitle" time="2.344"/>
</testsuite> <!-- com.learnautomation.selenium.headlessBrowserTest -->
