<?xml version="1.0" encoding="UTF-8"?>
<!-- Generated by org.testng.reporters.JUnitReportReporter -->
<testsuite hostname="DESKTOP-MICJN7G" failures="0" tests="1" name="jenkinsDemo.firstJenkinsJob" time="0.009" errors="0" timestamp="2024-08-23T19:19:38 IST" skipped="0">
  <testcase classname="jenkinsDemo.firstJenkinsJob" name="testJenkins" time="0.009"/>
</testsuite> <!-- jenkinsDemo.firstJenkinsJob -->
