<?xml version="1.0" encoding="UTF-8"?>
<!-- Generated by org.testng.reporters.JUnitReportReporter -->
<testsuite hostname="DESKTOP-MICJN7G" failures="0" tests="1" name="com.learnautomation.selenium.testInHeadlessMode" time="3.143" errors="0" timestamp="2024-08-22T16:07:24 IST" skipped="0">
  <testcase classname="com.learnautomation.selenium.testInHeadlessMode" name="headlessTest" time="3.143"/>
</testsuite> <!-- com.learnautomation.selenium.testInHeadlessMode -->
