<?xml version="1.0" encoding="UTF-8"?>
<!-- Generated by org.testng.reporters.JUnitReportReporter -->
<testsuite hostname="DESKTOP-MICJN7G" failures="0" tests="1" name="com.learnautomation.selenium.testIncognitoMode" time="3.252" errors="0" timestamp="2024-08-22T16:24:51 IST" skipped="0">
  <testcase classname="com.learnautomation.selenium.testIncognitoMode" name="incognitoModeTest" time="3.252"/>
</testsuite> <!-- com.learnautomation.selenium.testIncognitoMode -->
