<?xml version="1.0" encoding="UTF-8"?>
<!-- Generated by org.testng.reporters.JUnitReportReporter -->
<testsuite hostname="DESKTOP-MICJN7G" failures="0" tests="1" name="com.learnautomation.selenium.mavenDemo" time="0.008" errors="0" timestamp="2024-08-18T19:51:15 IST" skipped="0">
  <testcase classname="com.learnautomation.selenium.mavenDemo" name="testHello" time="0.008"/>
</testsuite> <!-- com.learnautomation.selenium.mavenDemo -->
