<?xml version="1.0" encoding="UTF-8"?>
<!-- Generated by org.testng.reporters.JUnitReportReporter -->
<testsuite hostname="DESKTOP-MICJN7G" failures="0" tests="1" name="com.learnautomation.selenium.testSeleniumWithExtension" time="5.443" errors="0" timestamp="2024-08-22T19:46:41 IST" skipped="0">
  <testcase classname="com.learnautomation.selenium.testSeleniumWithExtension" name="getExtension" time="5.443"/>
</testsuite> <!-- com.learnautomation.selenium.testSeleniumWithExtension -->
